<?xml version="1.0" encoding="UTF-8"?>
<!-- Generated by org.testng.reporters.JUnitReportReporter -->
<testsuite hostname="LAPTOP-8EJEM4OC" failures="0" tests="3" name="testpageobjectmodelconcept.Testloginpage" time="27.461" errors="0" timestamp="2022-09-19T23:12:06 IST" skipped="0">
  <testcase classname="testpageobjectmodelconcept.Testloginpage" name="validatetit" time="12.002"/>
  <testcase classname="testpageobjectmodelconcept.Testloginpage" name="imagecheck" time="7.679"/>
  <testcase classname="testpageobjectmodelconcept.Testloginpage" name="loginchecking" time="7.780"/>
</testsuite> <!-- testpageobjectmodelconcept.Testloginpage -->
